sample/build/outputs/logs/manifest-merger-debug-report.txt
-- Merging decision tree log ---
manifest
ADDED from src/main/AndroidManifest.xml:17:1-40:12
INJECTED from src/main/AndroidManifest.xml:17:1-40:12
INJECTED from src/main/AndroidManifest.xml:17:1-40:12
INJECTED from src/main/AndroidManifest.xml:17:1-40:12
MERGED from [:corbind-swiperefreshlayout] AndroidManifest.xml:17:1-22:12
MERGED from [:corbind] AndroidManifest.xml:17:1-22:12
MERGED from [androidx.constraintlayout:constraintlayout:2.0.0-beta2] AndroidManifest.xml:2:1-11:12
MERGED from [com.google.android.material:material:1.1.0-alpha09] AndroidManifest.xml:17:1-24:12
MERGED from [androidx.appcompat:appcompat:1.1.0-rc01] AndroidManifest.xml:17:1-24:12
MERGED from [androidx.swiperefreshlayout:swiperefreshlayout:1.0.0] AndroidManifest.xml:17:1-22:12
MERGED from [androidx.coordinatorlayout:coordinatorlayout:1.1.0-beta01] AndroidManifest.xml:17:1-24:12
MERGED from [androidx.transition:transition:1.0.1] AndroidManifest.xml:17:1-22:12
MERGED from [androidx.appcompat:appcompat-resources:1.1.0-rc01] AndroidManifest.xml:17:1-24:12
MERGED from [androidx.vectordrawable:vectordrawable-animated:1.1.0-rc01] AndroidManifest.xml:17:1-24:12
MERGED from [androidx.vectordrawable:vectordrawable:1.1.0-rc01] AndroidManifest.xml:17:1-24:12
MERGED from [androidx.viewpager2:viewpager2:1.0.0-beta02] AndroidManifest.xml:17:1-24:12
MERGED from [androidx.fragment:fragment:1.1.0-rc01] AndroidManifest.xml:17:1-24:12
MERGED from [androidx.drawerlayout:drawerlayout:1.0.0] AndroidManifest.xml:17:1-22:12
MERGED from [androidx.recyclerview:recyclerview:1.1.0-beta01] AndroidManifest.xml:17:1-24:12
MERGED from [androidx.viewpager:viewpager:1.0.0] AndroidManifest.xml:17:1-22:12
MERGED from [androidx.customview:customview:1.0.0] AndroidManifest.xml:17:1-22:12
MERGED from [androidx.loader:loader:1.0.0] AndroidManifest.xml:17:1-22:12
MERGED from [androidx.activity:activity:1.0.0-rc01] AndroidManifest.xml:17:1-24:12
MERGED from [androidx.core:core:1.1.0-rc02] AndroidManifest.xml:17:1-26:12
MERGED from [androidx.cardview:cardview:1.0.0] AndroidManifest.xml:17:1-22:12
MERGED from [androidx.interpolator:interpolator:1.0.0] AndroidManifest.xml:17:1-22:12
MERGED from [androidx.cursoradapter:cursoradapter:1.0.0] AndroidManifest.xml:17:1-22:12
MERGED from [androidx.versionedparcelable:versionedparcelable:1.1.0-rc01] AndroidManifest.xml:17:1-27:12
MERGED from [androidx.lifecycle:lifecycle-runtime:2.1.0-rc01] AndroidManifest.xml:17:1-22:12
MERGED from [androidx.lifecycle:lifecycle-viewmodel:2.1.0-rc01] AndroidManifest.xml:17:1-22:12
MERGED from [androidx.savedstate:savedstate:1.0.0-rc01] AndroidManifest.xml:17:1-24:12
MERGED from [androidx.lifecycle:lifecycle-livedata:2.0.0] AndroidManifest.xml:17:1-22:12
MERGED from [androidx.lifecycle:lifecycle-livedata-core:2.0.0] AndroidManifest.xml:17:1-22:12
MERGED from [androidx.arch.core:core-runtime:2.0.0] AndroidManifest.xml:17:1-22:12
INJECTED from src/main/AndroidManifest.xml:17:1-40:12
INJECTED from src/main/AndroidManifest.xml:17:1-40:12
INJECTED from src/main/AndroidManifest.xml:17:1-40:12
	package
		ADDED from src/main/AndroidManifest.xml:19:11-51
		INJECTED from src/main/AndroidManifest.xml
		INJECTED from src/main/AndroidManifest.xml
	android:versionName
		INJECTED from src/main/AndroidManifest.xml
		ADDED from src/main/AndroidManifest.xml:17:1-40:12
		INJECTED from src/main/AndroidManifest.xml
	xmlns:tools
		ADDED from src/main/AndroidManifest.xml:18:11-57
	android:versionCode
		INJECTED from src/main/AndroidManifest.xml
		ADDED from src/main/AndroidManifest.xml:17:1-40:12
		INJECTED from src/main/AndroidManifest.xml
	xmlns:android
		ADDED from src/main/AndroidManifest.xml:17:11-69
application
ADDED from src/main/AndroidManifest.xml:21:5-38:19
MERGED from [androidx.constraintlayout:constraintlayout:2.0.0-beta2] AndroidManifest.xml:9:5-20
MERGED from [androidx.constraintlayout:constraintlayout:2.0.0-beta2] AndroidManifest.xml:9:5-20
MERGED from [com.google.android.material:material:1.1.0-alpha09] AndroidManifest.xml:22:5-20
MERGED from [com.google.android.material:material:1.1.0-alpha09] AndroidManifest.xml:22:5-20
MERGED from [androidx.core:core:1.1.0-rc02] AndroidManifest.xml:24:5-89
MERGED from [androidx.core:core:1.1.0-rc02] AndroidManifest.xml:24:5-89
MERGED from [androidx.versionedparcelable:versionedparcelable:1.1.0-rc01] AndroidManifest.xml:24:5-25:19
MERGED from [androidx.versionedparcelable:versionedparcelable:1.1.0-rc01] AndroidManifest.xml:24:5-25:19
	android:appComponentFactory
		ADDED from [androidx.core:core:1.1.0-rc02] AndroidManifest.xml:24:18-86
	android:supportsRtl
		ADDED from src/main/AndroidManifest.xml:26:9-35
	android:label
		ADDED from src/main/AndroidManifest.xml:23:9-41
	android:fullBackupContent
		ADDED from src/main/AndroidManifest.xml:29:9-42
	tools:ignore
		ADDED from src/main/AndroidManifest.xml:28:9-48
	android:roundIcon
		ADDED from src/main/AndroidManifest.xml:25:9-54
	android:icon
		ADDED from src/main/AndroidManifest.xml:24:9-43
	android:allowBackup
		ADDED from src/main/AndroidManifest.xml:22:9-36
	android:theme
		ADDED from src/main/AndroidManifest.xml:27:9-45
activity#ru.ldralighieri.corbind.sample.LoginActivity
ADDED from src/main/AndroidManifest.xml:31:9-36:20
	android:name
		ADDED from src/main/AndroidManifest.xml:31:19-48
intent-filter#action:name:android.intent.action.MAIN+category:name:android.intent.category.LAUNCHER
ADDED from src/main/AndroidManifest.xml:32:13-35:29
action#android.intent.action.MAIN
ADDED from src/main/AndroidManifest.xml:33:17-69
	android:name
		ADDED from src/main/AndroidManifest.xml:33:25-66
category#android.intent.category.LAUNCHER
ADDED from src/main/AndroidManifest.xml:34:17-77
	android:name
		ADDED from src/main/AndroidManifest.xml:34:27-74
uses-sdk
INJECTED from src/main/AndroidManifest.xml reason: use-sdk injection requested
INJECTED from src/main/AndroidManifest.xml
INJECTED from src/main/AndroidManifest.xml
MERGED from [:corbind-swiperefreshlayout] AndroidManifest.xml:20:5-44
MERGED from [:corbind-swiperefreshlayout] AndroidManifest.xml:20:5-44
MERGED from [:corbind] AndroidManifest.xml:20:5-44
MERGED from [:corbind] AndroidManifest.xml:20:5-44
MERGED from [androidx.constraintlayout:constraintlayout:2.0.0-beta2] AndroidManifest.xml:5:5-7:41
MERGED from [androidx.constraintlayout:constraintlayout:2.0.0-beta2] AndroidManifest.xml:5:5-7:41
MERGED from [com.google.android.material:material:1.1.0-alpha09] AndroidManifest.xml:20:5-44
MERGED from [com.google.android.material:material:1.1.0-alpha09] AndroidManifest.xml:20:5-44
MERGED from [androidx.appcompat:appcompat:1.1.0-rc01] AndroidManifest.xml:20:5-22:41
MERGED from [androidx.appcompat:appcompat:1.1.0-rc01] AndroidManifest.xml:20:5-22:41
MERGED from [androidx.swiperefreshlayout:swiperefreshlayout:1.0.0] AndroidManifest.xml:20:5-44
MERGED from [androidx.swiperefreshlayout:swiperefreshlayout:1.0.0] AndroidManifest.xml:20:5-44
MERGED from [androidx.coordinatorlayout:coordinatorlayout:1.1.0-beta01] AndroidManifest.xml:20:5-22:41
MERGED from [androidx.coordinatorlayout:coordinatorlayout:1.1.0-beta01] AndroidManifest.xml:20:5-22:41
MERGED from [androidx.transition:transition:1.0.1] AndroidManifest.xml:20:5-44
MERGED from [androidx.transition:transition:1.0.1] AndroidManifest.xml:20:5-44
MERGED from [androidx.appcompat:appcompat-resources:1.1.0-rc01] AndroidManifest.xml:20:5-22:41
MERGED from [androidx.appcompat:appcompat-resources:1.1.0-rc01] AndroidManifest.xml:20:5-22:41
MERGED from [androidx.vectordrawable:vectordrawable-animated:1.1.0-rc01] AndroidManifest.xml:20:5-22:41
MERGED from [androidx.vectordrawable:vectordrawable-animated:1.1.0-rc01] AndroidManifest.xml:20:5-22:41
MERGED from [androidx.vectordrawable:vectordrawable:1.1.0-rc01] AndroidManifest.xml:20:5-22:41
MERGED from [androidx.vectordrawable:vectordrawable:1.1.0-rc01] AndroidManifest.xml:20:5-22:41
MERGED from [androidx.viewpager2:viewpager2:1.0.0-beta02] AndroidManifest.xml:20:5-22:41
MERGED from [androidx.viewpager2:viewpager2:1.0.0-beta02] AndroidManifest.xml:20:5-22:41
MERGED from [androidx.fragment:fragment:1.1.0-rc01] AndroidManifest.xml:20:5-22:41
MERGED from [androidx.fragment:fragment:1.1.0-rc01] AndroidManifest.xml:20:5-22:41
MERGED from [androidx.drawerlayout:drawerlayout:1.0.0] AndroidManifest.xml:20:5-44
MERGED from [androidx.drawerlayout:drawerlayout:1.0.0] AndroidManifest.xml:20:5-44
MERGED from [androidx.recyclerview:recyclerview:1.1.0-beta01] AndroidManifest.xml:20:5-22:41
MERGED from [androidx.recyclerview:recyclerview:1.1.0-beta01] AndroidManifest.xml:20:5-22:41
MERGED from [androidx.viewpager:viewpager:1.0.0] AndroidManifest.xml:20:5-44
MERGED from [androidx.viewpager:viewpager:1.0.0] AndroidManifest.xml:20:5-44
MERGED from [androidx.customview:customview:1.0.0] AndroidManifest.xml:20:5-44
MERGED from [androidx.customview:customview:1.0.0] AndroidManifest.xml:20:5-44
MERGED from [androidx.loader:loader:1.0.0] AndroidManifest.xml:20:5-44
MERGED from [androidx.loader:loader:1.0.0] AndroidManifest.xml:20:5-44
MERGED from [androidx.activity:activity:1.0.0-rc01] AndroidManifest.xml:20:5-22:41
MERGED from [androidx.activity:activity:1.0.0-rc01] AndroidManifest.xml:20:5-22:41
MERGED from [androidx.core:core:1.1.0-rc02] AndroidManifest.xml:20:5-22:41
MERGED from [androidx.core:core:1.1.0-rc02] AndroidManifest.xml:20:5-22:41
MERGED from [androidx.cardview:cardview:1.0.0] AndroidManifest.xml:20:5-44
MERGED from [androidx.cardview:cardview:1.0.0] AndroidManifest.xml:20:5-44
MERGED from [androidx.interpolator:interpolator:1.0.0] AndroidManifest.xml:20:5-44
MERGED from [androidx.interpolator:interpolator:1.0.0] AndroidManifest.xml:20:5-44
MERGED from [androidx.cursoradapter:cursoradapter:1.0.0] AndroidManifest.xml:20:5-44
MERGED from [androidx.cursoradapter:cursoradapter:1.0.0] AndroidManifest.xml:20:5-44
MERGED from [androidx.versionedparcelable:versionedparcelable:1.1.0-rc01] AndroidManifest.xml:20:5-22:41
MERGED from [androidx.versionedparcelable:versionedparcelable:1.1.0-rc01] AndroidManifest.xml:20:5-22:41
MERGED from [androidx.lifecycle:lifecycle-runtime:2.1.0-rc01] AndroidManifest.xml:20:5-44
MERGED from [androidx.lifecycle:lifecycle-runtime:2.1.0-rc01] AndroidManifest.xml:20:5-44
MERGED from [androidx.lifecycle:lifecycle-viewmodel:2.1.0-rc01] AndroidManifest.xml:20:5-44
MERGED from [androidx.lifecycle:lifecycle-viewmodel:2.1.0-rc01] AndroidManifest.xml:20:5-44
MERGED from [androidx.savedstate:savedstate:1.0.0-rc01] AndroidManifest.xml:20:5-22:41
MERGED from [androidx.savedstate:savedstate:1.0.0-rc01] AndroidManifest.xml:20:5-22:41
MERGED from [androidx.lifecycle:lifecycle-livedata:2.0.0] AndroidManifest.xml:20:5-44
MERGED from [androidx.lifecycle:lifecycle-livedata:2.0.0] AndroidManifest.xml:20:5-44
MERGED from [androidx.lifecycle:lifecycle-livedata-core:2.0.0] AndroidManifest.xml:20:5-44
MERGED from [androidx.lifecycle:lifecycle-livedata-core:2.0.0] AndroidManifest.xml:20:5-44
MERGED from [androidx.arch.core:core-runtime:2.0.0] AndroidManifest.xml:20:5-44
MERGED from [androidx.arch.core:core-runtime:2.0.0] AndroidManifest.xml:20:5-44
INJECTED from src/main/AndroidManifest.xml
INJECTED from src/main/AndroidManifest.xml
	android:targetSdkVersion
		INJECTED from src/main/AndroidManifest.xml
		ADDED from src/main/AndroidManifest.xml
		INJECTED from src/main/AndroidManifest.xml
	android:minSdkVersion
		INJECTED from src/main/AndroidManifest.xml
		ADDED from src/main/AndroidManifest.xml
		INJECTED from src/main/AndroidManifest.xml